Port = 8081
preprocessing
done preprocessing. It took 17.57200002670288 seconds
startNode: {"x":358,"y":349}
endNode: {"x":363,"y":297}
start: 40.25102992,-111.64934288
end: 40.25009643,-111.64921413
startMarker: {"latitude":40.25102992093945,"longitude":-111.64934287719727,"building":false,"isStairs":false,"timestamp":1492204840153}
endMarker: {"latitude":40.25009642951689,"longitude":-111.64921413116456,"building":false,"isStairs":false,"timestamp":1492204840155}
userpreferences: {"stairs":0.0,"elevation":0.0,"wilderness":0.0,"grass":0.0,"building":0.0,"parkingLots":0.0,"preferDesignatedPaths":0.0,"timestamp":1492204840157}
java.lang.NullPointerException
	at server.handlers.travel.TravelHandler.getPath(TravelHandler.java:104)
	at server.handlers.travel.TravelHandler.handle(TravelHandler.java:51)
	at com.sun.net.httpserver.Filter$Chain.doFilter(Filter.java:79)
	at sun.net.httpserver.AuthFilter.doFilter(AuthFilter.java:83)
	at com.sun.net.httpserver.Filter$Chain.doFilter(Filter.java:82)
	at sun.net.httpserver.ServerImpl$Exchange$LinkHandler.handle(ServerImpl.java:675)
	at com.sun.net.httpserver.Filter$Chain.doFilter(Filter.java:79)
	at sun.net.httpserver.ServerImpl$Exchange.run(ServerImpl.java:647)
	at sun.net.httpserver.ServerImpl$DefaultExecutor.execute(ServerImpl.java:158)
	at sun.net.httpserver.ServerImpl$Dispatcher.handle(ServerImpl.java:431)
	at sun.net.httpserver.ServerImpl$Dispatcher.run(ServerImpl.java:396)
	at java.lang.Thread.run(Thread.java:745)
done travelling, took 4.170000076293945 seconds
done travelling, took 1.621000051498413 seconds
