0 info it worked if it ends with ok
1 verbose cli [ '/Users/mcrowder65/.nvm/versions/node/v6.3.1/bin/node',
1 verbose cli   '/Users/mcrowder65/.nvm/versions/node/v6.3.1/bin/npm',
1 verbose cli   'start' ]
2 info using npm@3.10.3
3 info using node@v6.3.1
4 verbose run-script [ 'prestart', 'start', 'poststart' ]
5 info lifecycle prendus-learning-platform@0.3.0~prestart: prendus-learning-platform@0.3.0
6 silly lifecycle prendus-learning-platform@0.3.0~prestart: no script for prestart, continuing
7 info lifecycle prendus-learning-platform@0.3.0~start: prendus-learning-platform@0.3.0
8 verbose lifecycle prendus-learning-platform@0.3.0~start: unsafe-perm in lifecycle true
9 verbose lifecycle prendus-learning-platform@0.3.0~start: PATH: /Users/mcrowder65/.nvm/versions/node/v6.3.1/lib/node_modules/npm/bin/node-gyp-bin:/Users/mcrowder65/401r/walker/src/client/node_modules/.bin:/Users/mcrowder65/.nvm/versions/node/v6.3.1/bin:/Users/mcrowder65/anaconda/bin:/Users/mcrowder65/.nvm/versions/node/v6.3.1/bin:/opt/local/bin:/opt/local/sbin:/usr/local/bin:/usr/local/bin:/usr/bin:/bin:/usr/sbin:/sbin:/usr/local/share/dotnet:/Library/Frameworks/Mono.framework/Versions/Current/Commands:/Applications/Wireshark.app/Contents/MacOS
10 verbose lifecycle prendus-learning-platform@0.3.0~start: CWD: /Users/mcrowder65/401r/walker/src/client
11 silly lifecycle prendus-learning-platform@0.3.0~start: Args: [ '-c', 'zwitterion --serve-dir app/client' ]
12 silly lifecycle prendus-learning-platform@0.3.0~start: Returned: code: 1  signal: null
13 info lifecycle prendus-learning-platform@0.3.0~start: Failed to exec start script
14 verbose stack Error: prendus-learning-platform@0.3.0 start: `zwitterion --serve-dir app/client`
14 verbose stack Exit status 1
14 verbose stack     at EventEmitter.<anonymous> (/Users/mcrowder65/.nvm/versions/node/v6.3.1/lib/node_modules/npm/lib/utils/lifecycle.js:242:16)
14 verbose stack     at emitTwo (events.js:106:13)
14 verbose stack     at EventEmitter.emit (events.js:191:7)
14 verbose stack     at ChildProcess.<anonymous> (/Users/mcrowder65/.nvm/versions/node/v6.3.1/lib/node_modules/npm/lib/utils/spawn.js:40:14)
14 verbose stack     at emitTwo (events.js:106:13)
14 verbose stack     at ChildProcess.emit (events.js:191:7)
14 verbose stack     at maybeClose (internal/child_process.js:852:16)
14 verbose stack     at Process.ChildProcess._handle.onexit (internal/child_process.js:215:5)
15 verbose pkgid prendus-learning-platform@0.3.0
16 verbose cwd /Users/mcrowder65/401r/walker/src/client
17 error Darwin 16.4.0
18 error argv "/Users/mcrowder65/.nvm/versions/node/v6.3.1/bin/node" "/Users/mcrowder65/.nvm/versions/node/v6.3.1/bin/npm" "start"
19 error node v6.3.1
20 error npm  v3.10.3
21 error code ELIFECYCLE
22 error prendus-learning-platform@0.3.0 start: `zwitterion --serve-dir app/client`
22 error Exit status 1
23 error Failed at the prendus-learning-platform@0.3.0 start script 'zwitterion --serve-dir app/client'.
23 error Make sure you have the latest version of node.js and npm installed.
23 error If you do, this is most likely a problem with the prendus-learning-platform package,
23 error not with npm itself.
23 error Tell the author that this fails on your system:
23 error     zwitterion --serve-dir app/client
23 error You can get information on how to open an issue for this project with:
23 error     npm bugs prendus-learning-platform
23 error Or if that isn't available, you can get their info via:
23 error     npm owner ls prendus-learning-platform
23 error There is likely additional logging output above.
24 verbose exit [ 1, true ]
